<?xml version="1.0" encoding="UTF-8"?>
<!-- Generated by org.testng.reporters.JUnitXMLReporter -->
<testsuite hostname="Amals-MacBook-Air.local" name="Default test" tests="3" failures="0" timestamp="7 Sep 2020 11:11:59 GMT" time="27.261" errors="0">
  <testcase name="validatelogoTest" time="1.711" classname="testCases.HomepageTest"/>
  <testcase name="validateUserTest" time="1.658" classname="testCases.HomepageTest"/>
  <testcase name="validateContactsPageTest" time="2.63" classname="testCases.HomepageTest"/>
</testsuite> <!-- Default test -->
