<?xml version="1.0" encoding="UTF-8"?>
<!-- Generated by org.testng.reporters.JUnitXMLReporter -->
<testsuite hostname="DEL-BBQ0PQ2" ignored="0" name="FreeCRMTest" tests="3" failures="0" timestamp="2020-09-02T13:49:21 IST" time="40.021" errors="0">
  <testcase name="validatelogoTest" time="2.467" classname="testCases.HomepageTest"/>
  <testcase name="validateUserTest" time="1.447" classname="testCases.HomepageTest"/>
  <testcase name="validateContactsPageTest" time="1.778" classname="testCases.HomepageTest"/>
</testsuite> <!-- FreeCRMTest -->
